<?xml version="1.0" encoding="UTF-8"?>
<!-- Generated by org.testng.reporters.JUnitXMLReporter -->
<testsuite ignored="2" hostname="Teddy" failures="1" tests="1" name="Test" time="6.327" errors="0" timestamp="2026-03-29T19:21:43 GMT-07:00">
  <testcase classname="Rahulshettyacademypack.Errorvalidations" name="error" time="0.772">
    <failure type="java.lang.AssertionError" message="expected [Incorrect email o password.] but found [Incorrect email or password.]">
      <![CDATA[java.lang.AssertionError: expected [Incorrect email o password.] but found [Incorrect email or password.]
at Rahulshettyacademypack.Errorvalidations.error(Errorvalidations.java:15)
at java.base/java.util.ArrayList.forEach(ArrayList.java:1511)
... Removed 33 stack frames]]>
    </failure>
  </testcase> <!-- error -->
  <testcase classname="Rahulshettyacademypack.Submitorder" name="Order" time="0.0">
    <ignored/>
  </testcase> <!-- Order -->
  <testcase classname="Rahulshettyacademypack.Submitorder" name="automationTesting" time="0.0">
    <ignored/>
  </testcase> <!-- automationTesting -->
</testsuite> <!-- Test -->
