<?xml version="1.0" encoding="UTF-8"?>
<testng-results ignored="0" total="2" passed="2" failed="0" skipped="0">
  <reporter-output>
  </reporter-output>
  <suite started-at="2026-04-06T12:31:30 GMT-07:00" name="Suite" finished-at="2026-04-06T12:31:52 GMT-07:00" duration-ms="21529">
    <groups>
    </groups>
    <test started-at="2026-04-06T12:31:30 GMT-07:00" name="PositiveTest" finished-at="2026-04-06T12:31:52 GMT-07:00" duration-ms="21529">
      <class name="Rahulshettyacademypack.Submitorder">
        <test-method is-config="true" signature="initialLand()[pri:0, instance:Rahulshettyacademypack.Submitorder@5fb759d6]" started-at="2026-04-06T12:31:30 GMT-07:00" name="initialLand" finished-at="2026-04-06T12:31:40 GMT-07:00" duration-ms="9500" status="PASS">
          <reporter-output>
          </reporter-output>
        </test-method> <!-- initialLand -->
        <test-method signature="automationTesting(java.util.HashMap)[pri:0, instance:Rahulshettyacademypack.Submitorder@5fb759d6]" started-at="2026-04-06T12:31:40 GMT-07:00" name="automationTesting" data-provider="setData" finished-at="2026-04-06T12:31:51 GMT-07:00" duration-ms="10492" status="PASS">
          <params>
            <param index="0">
              <value>
                <![CDATA[{pwds=Money08$, Productname=ZARA COAT 3, username=rav123@gmail.com}]]>
              </value>
            </param>
          </params>
          <reporter-output>
          </reporter-output>
        </test-method> <!-- automationTesting -->
        <test-method signature="Order()[pri:0, instance:Rahulshettyacademypack.Submitorder@5fb759d6]" started-at="2026-04-06T12:31:51 GMT-07:00" name="Order" finished-at="2026-04-06T12:31:52 GMT-07:00" depends-on-methods="Rahulshettyacademypack.Submitorder.automationTesting" duration-ms="622" status="PASS">
          <reporter-output>
          </reporter-output>
        </test-method> <!-- Order -->
        <test-method is-config="true" signature="lastLand()[pri:0, instance:Rahulshettyacademypack.Submitorder@5fb759d6]" started-at="2026-04-06T12:31:52 GMT-07:00" name="lastLand" finished-at="2026-04-06T12:31:52 GMT-07:00" duration-ms="347" status="PASS">
          <reporter-output>
          </reporter-output>
        </test-method> <!-- lastLand -->
      </class> <!-- Rahulshettyacademypack.Submitorder -->
    </test> <!-- PositiveTest -->
  </suite> <!-- Suite -->
</testng-results>
