<?xml version="1.0" encoding="UTF-8"?>
<!-- Generated by org.testng.reporters.JUnitReportReporter -->
<testsuite hostname="Teddy" failures="0" tests="2" name="Rahulshettyacademypack.Submitorder" time="17.532" errors="0" timestamp="2026-04-01T16:53:43 GMT-07:00" skipped="0">
  <testcase classname="Rahulshettyacademypack.Submitorder" name="automationTesting" time="16.949"/>
  <testcase classname="Rahulshettyacademypack.Submitorder" name="Order" time="0.583"/>
</testsuite> <!-- Rahulshettyacademypack.Submitorder -->
