<?xml version="1.0" encoding="UTF-8"?>
<!-- Generated by org.testng.reporters.JUnitReportReporter -->
<testsuite hostname="Teddy" failures="0" tests="2" name="Rahulshettyacademypack.Submitorder" time="11.114" errors="0" timestamp="2026-04-06T12:31:52 GMT-07:00" skipped="0">
  <testcase classname="Rahulshettyacademypack.Submitorder" name="Order" time="0.622"/>
  <testcase classname="Rahulshettyacademypack.Submitorder" name="automationTesting" time="10.492"/>
</testsuite> <!-- Rahulshettyacademypack.Submitorder -->
